<?xml version="1.0" encoding="UTF-8"?>
<testng-results ignored="0" total="1" passed="1" failed="0" skipped="0">
  <reporter-output>
  </reporter-output>
  <suite started-at="2023-07-14T10:49:37Z" name="Default suite" finished-at="2023-07-14T10:50:00Z" duration-ms="23130">
    <groups>
    </groups>
    <test started-at="2023-07-14T10:49:37Z" name="Default test" finished-at="2023-07-14T10:50:00Z" duration-ms="23130">
      <class name="com.banking.testCases.TC_LoginTest_001">
        <test-method is-config="true" signature="setup()[pri:0, instance:com.banking.testCases.TC_LoginTest_001@d737b89]" started-at="2023-07-14T10:49:37Z" name="setup" finished-at="2023-07-14T10:49:43Z" duration-ms="6261" status="PASS">
          <reporter-output>
          </reporter-output>
        </test-method> <!-- setup -->
        <test-method signature="loginTest()[pri:0, instance:com.banking.testCases.TC_LoginTest_001@d737b89]" started-at="2023-07-14T10:49:43Z" name="loginTest" finished-at="2023-07-14T10:49:59Z" duration-ms="16444" status="PASS">
          <reporter-output>
          </reporter-output>
        </test-method> <!-- loginTest -->
        <test-method is-config="true" signature="tearDown()[pri:0, instance:com.banking.testCases.TC_LoginTest_001@d737b89]" started-at="2023-07-14T10:49:59Z" name="tearDown" finished-at="2023-07-14T10:50:00Z" duration-ms="390" status="PASS">
          <reporter-output>
          </reporter-output>
        </test-method> <!-- tearDown -->
      </class> <!-- com.banking.testCases.TC_LoginTest_001 -->
    </test> <!-- Default test -->
  </suite> <!-- Default suite -->
</testng-results>
