<?xml version="1.0" encoding="UTF-8"?>
<!-- Generated by org.testng.reporters.JUnitXMLReporter -->
<testsuite ignored="0" hostname="BLR-3BVK0F3-L" failures="1" tests="1" name="Test" time="16.583" errors="0" timestamp="14 Jul 2023 09:37:27 GMT">
  <testcase classname="com.auto.testcases.LoginTestCRM" name="loginApp" time="2.074">
    <failure type="java.lang.NullPointerException" message="Cannot invoke &amp;quot;org.openqa.selenium.SearchContext.findElement(org.openqa.selenium.By)&amp;quot; because &amp;quot;this.searchContext&amp;quot; is null">
      <![CDATA[java.lang.NullPointerException: Cannot invoke "org.openqa.selenium.SearchContext.findElement(org.openqa.selenium.By)" because "this.searchContext" is null
	at org.openqa.selenium.support.pagefactory.DefaultElementLocator.findElement(DefaultElementLocator.java:69)
	at org.openqa.selenium.support.pagefactory.internal.LocatingElementHandler.invoke(LocatingElementHandler.java:38)
	at jdk.proxy2/jdk.proxy2.$Proxy11.click(Unknown Source)
	at com.auto.pages.LoginPage.logintoCRM(LoginPage.java:25)
	at com.auto.testcases.LoginTestCRM.loginApp(LoginTestCRM.java:16)
... Removed 25 stack frames]]>
    </failure>
  </testcase> <!-- loginApp -->
</testsuite> <!-- Test -->
